<?xml version="1.0" encoding="UTF-8"?>
<!-- Generated by org.testng.reporters.JUnitXMLReporter -->
<testsuite hostname="LAPTOP-RTTHD45C" name="Homepage" tests="2" failures="0" timestamp="5 Feb 2021 21:19:08 GMT" time="0.003" errors="0">
  <testcase name="@BeforeTest initialize" time="0.0" classname="GDN_Acco_Only.Homepage">
    <failure type="java.lang.NullPointerException">
      <![CDATA[java.lang.NullPointerException
	at resources.Base.intializeDriver(Base.java:35)
	at GDN_Acco_Only.Homepage.initialize(Homepage.java:34)
	at java.util.concurrent.FutureTask.run(Unknown Source)
	at java.util.concurrent.ThreadPoolExecutor.runWorker(Unknown Source)
	at java.util.concurrent.ThreadPoolExecutor$Worker.run(Unknown Source)
	at java.lang.Thread.run(Unknown Source)
... Removed 14 stack frames]]>
    </failure>
  </testcase> <!-- @BeforeTest initialize -->
  <testcase name="@AfterTest teardown" time="0.0" classname="GDN_Acco_Only.Homepage">
    <skipped/>
  </testcase> <!-- @AfterTest teardown -->
  <testcase name="Pageinit" time="0.001" classname="GDN_Acco_Only.Homepage">
    <skipped/>
  </testcase> <!-- Pageinit -->
  <testcase name="RandomDate" time="0.0" classname="GDN_Acco_Only.Homepage">
    <skipped/>
  </testcase> <!-- RandomDate -->
</testsuite> <!-- Homepage -->
